-------------------------------------------------------------------------------
Test set: tests.LoginLogoutTests
-------------------------------------------------------------------------------
Tests run: 1, Failures: 0, Errors: 1, Skipped: 0, Time elapsed: 47.111 s <<< FAILURE! - in tests.LoginLogoutTests
testLoginLogoutTest(tests.LoginLogoutTests)  Time elapsed: 47.06 s  <<< ERROR!
org.openqa.selenium.TimeoutException: 
Expected condition failed: Cannot find Parent btn
 (tried for 30 second(s) with 500 milliseconds interval)
	at tests.LoginLogoutTests.testLoginLogoutTest(LoginLogoutTests.java:15)
Caused by: org.openqa.selenium.NoSuchElementException: 
Cannot locate an element using By.id: com.yoopies.babysittingandroid.beta:id/btnParent
For documentation on this error, please visit: http://seleniumhq.org/exceptions/no_such_element.html
Build info: version: '3.12.0', revision: '7c6e0b3', time: '2018-05-08T14:04:26.12Z'
System info: host: 'Yaninas-MacBook-Pro.local', ip: '172.27.100.16', os.name: 'Mac OS X', os.arch: 'x86_64', os.version: '10.14.4', java.version: '1.8.0_201'
Driver info: driver.version: unknown
	at tests.LoginLogoutTests.testLoginLogoutTest(LoginLogoutTests.java:15)

